<?xml version="1.0" encoding="UTF-8"?>
<!-- Generated by org.testng.reporters.JUnitReportReporter -->
<testsuite hostname="vbs-MacBook-Pro.local" failures="0" tests="1" name="testCases.TC002_WindowHandler" time="1.435" errors="0" timestamp="2025-02-03T03:40:18 SGT" skipped="0">
  <testcase classname="testCases.TC002_WindowHandler" name="windowHandler" time="1.435"/>
  <system-out/>
</testsuite> <!-- testCases.TC002_WindowHandler -->
