<?xml version="1.0" encoding="UTF-8"?>
<!-- Generated by org.testng.reporters.JUnitReportReporter -->
<testsuite hostname="vbs-MacBook-Pro.local" failures="0" tests="1" name="testCases.TC001_SearchTest" time="0.198" errors="0" timestamp="2025-02-03T03:47:18 SGT" skipped="0">
  <testcase classname="testCases.TC001_SearchTest" name="searchTest" time="0.198"/>
  <system-out/>
</testsuite> <!-- testCases.TC001_SearchTest -->
